<?xml version="1.0" encoding="UTF-8" ?>
<testsuite tests="4" failures="0" name="pta.sagi.concours.test.TestDaoConcours" time="0.598" errors="0" skipped="0">
  <properties>
[...]
</properties>
  <testcase classname="pta.sagi.concours.test.TestDaoConcours" name="testDao1" time="0.525"/>
  <testcase classname="pta.sagi.concours.test.TestDaoConcours" name="testDao2" time="0.004"/>
  <testcase classname="pta.sagi.concours.test.TestDaoConcours" name="testDao3" time="0.049"/>
  <testcase classname="pta.sagi.concours.test.TestDaoConcours" name="testDao4" time="0.02"/>
</testsuite>